c:\users\b230\desktop\bacs2224 assignment program sms, khx\bacs2224 assignment program sms, khx\assignment\debug\vc143.pdb
c:\users\b230\desktop\bacs2224 assignment program sms, khx\bacs2224 assignment program sms, khx\assignment\debug\vc143.idb
c:\users\b230\desktop\bacs2224 assignment program sms, khx\bacs2224 assignment program sms, khx\assignment\debug\transformationmatrix.obj
c:\users\b230\desktop\bacs2224 assignment program sms, khx\bacs2224 assignment program sms, khx\assignment\debug\timer.obj
c:\users\b230\desktop\bacs2224 assignment program sms, khx\bacs2224 assignment program sms, khx\assignment\debug\text.obj
c:\users\b230\desktop\bacs2224 assignment program sms, khx\bacs2224 assignment program sms, khx\assignment\debug\spritesheet.obj
c:\users\b230\desktop\bacs2224 assignment program sms, khx\bacs2224 assignment program sms, khx\assignment\debug\pausemenu.obj
c:\users\b230\desktop\bacs2224 assignment program sms, khx\bacs2224 assignment program sms, khx\assignment\debug\panel.obj
c:\users\b230\desktop\bacs2224 assignment program sms, khx\bacs2224 assignment program sms, khx\assignment\debug\optionmenu.obj
c:\users\b230\desktop\bacs2224 assignment program sms, khx\bacs2224 assignment program sms, khx\assignment\debug\mainmenu.obj
c:\users\b230\desktop\bacs2224 assignment program sms, khx\bacs2224 assignment program sms, khx\assignment\debug\main.obj
c:\users\b230\desktop\bacs2224 assignment program sms, khx\bacs2224 assignment program sms, khx\assignment\debug\level1.obj
c:\users\b230\desktop\bacs2224 assignment program sms, khx\bacs2224 assignment program sms, khx\assignment\debug\gameovermenu.obj
c:\users\b230\desktop\bacs2224 assignment program sms, khx\bacs2224 assignment program sms, khx\assignment\debug\gameobject.obj
c:\users\b230\desktop\bacs2224 assignment program sms, khx\bacs2224 assignment program sms, khx\assignment\debug\gamemanager.obj
c:\users\b230\desktop\bacs2224 assignment program sms, khx\bacs2224 assignment program sms, khx\assignment\debug\game.obj
c:\users\b230\desktop\bacs2224 assignment program sms, khx\bacs2224 assignment program sms, khx\assignment\debug\frametimer.obj
c:\users\b230\desktop\bacs2224 assignment program sms, khx\bacs2224 assignment program sms, khx\assignment\debug\directinputmanager.obj
c:\users\b230\desktop\bacs2224 assignment program sms, khx\bacs2224 assignment program sms, khx\assignment\debug\direct3dmanager.obj
c:\users\b230\desktop\bacs2224 assignment program sms, khx\bacs2224 assignment program sms, khx\assignment\debug\button.obj
c:\users\b230\desktop\bacs2224 assignment program sms, khx\bacs2224 assignment program sms, khx\assignment\debug\audiomanager.obj
c:\users\b230\desktop\bacs2224 assignment program sms, khx\bacs2224 assignment program sms, khx\assignment\debug\animatedobject.obj
c:\users\b230\desktop\bacs2224 assignment program sms, khx\bacs2224 assignment program sms, khx\assignment\debug\windowsmanager.obj
c:\users\b230\desktop\bacs2224 assignment program sms, khx\bacs2224 assignment program sms, khx\assignment\debug\texture.obj
c:\users\b230\desktop\bacs2224 assignment program sms, khx\bacs2224 assignment program sms, khx\assignment\debug\assignment.ilk
c:\users\b230\desktop\bacs2224 assignment program sms, khx\bacs2224 assignment program sms, khx\debug\assignment.exe
c:\users\b230\desktop\bacs2224 assignment program sms, khx\bacs2224 assignment program sms, khx\debug\assignment.pdb
c:\users\b230\desktop\bacs2224 assignment program sms, khx\bacs2224 assignment program sms, khx\assignment\debug\assignment.tlog\cl.command.1.tlog
c:\users\b230\desktop\bacs2224 assignment program sms, khx\bacs2224 assignment program sms, khx\assignment\debug\assignment.tlog\cl.read.1.tlog
c:\users\b230\desktop\bacs2224 assignment program sms, khx\bacs2224 assignment program sms, khx\assignment\debug\assignment.tlog\cl.write.1.tlog
c:\users\b230\desktop\bacs2224 assignment program sms, khx\bacs2224 assignment program sms, khx\assignment\debug\assignment.tlog\link.command.1.tlog
c:\users\b230\desktop\bacs2224 assignment program sms, khx\bacs2224 assignment program sms, khx\assignment\debug\assignment.tlog\link.read.1.tlog
c:\users\b230\desktop\bacs2224 assignment program sms, khx\bacs2224 assignment program sms, khx\assignment\debug\assignment.tlog\link.write.1.tlog
